[41;37m./luci-app-ddnsto: has no/multi config file(s), skipping...[0m
[41;37m./luci-app-ddnsto: has no/multi config file(s), skipping...[0m
[41;37m./luci-app-ddnsto: has no/multi config file(s), skipping...[0m
[41;37m./luci-app-ddnsto: has no/multi config file(s), skipping...[0m
[41;37m./luci-app-ddnsto: has no/multi config file(s), skipping...[0m
[41;37m./luci-app-gowebdav: has no/multi config file(s), skipping...[0m
[41;37m./luci-app-gowebdav: has no/multi config file(s), skipping...[0m
[41;37m./luci-app-gowebdav: has no/multi config file(s), skipping...[0m
[41;37m./luci-app-gowebdav: has no/multi config file(s), skipping...[0m
[41;37m./luci-app-gowebdav: has no/multi config file(s), skipping...[0m
[41;37m./luci-app-oaf: has no/multi config file(s), skipping...[0m
[41;37m./luci-app-oaf: has no/multi config file(s), skipping...[0m
[41;37m./luci-app-oaf: has no/multi config file(s), skipping...[0m
[41;37m./luci-app-oaf: has no/multi config file(s), skipping...[0m
[41;37m./luci-app-oaf: has no/multi config file(s), skipping...[0m
[41;37m./luci-app-oaf: has no/multi config file(s), skipping...[0m
[41;37m./luci-app-onliner: has no/multi config file(s), skipping...[0m
[41;37m./luci-app-onliner: has no/multi config file(s), skipping...[0m
[41;37m./luci-app-onliner: has no/multi config file(s), skipping...[0m
[41;37m./luci-app-onliner: has no/multi config file(s), skipping...[0m
[41;37m./luci-app-onliner: has no/multi config file(s), skipping...[0m
[41;37m./luci-app-poweroff: has no/multi config file(s), skipping...[0m
[41;37m./luci-app-poweroff: has no/multi config file(s), skipping...[0m
[41;37m./luci-app-poweroff: has no/multi config file(s), skipping...[0m
[41;37m./luci-app-poweroff: has no/multi config file(s), skipping...[0m
[41;37m./luci-app-smartdns: has no/multi config file(s), skipping...[0m
[41;37m./luci-app-smartdns: has no/multi config file(s), skipping...[0m
[41;37m./luci-app-smartdns: has no/multi config file(s), skipping...[0m
[41;37m./luci-app-smartdns: has no/multi config file(s), skipping...[0m
[41;37m./luci-app-smartdns: has no/multi config file(s), skipping...[0m
[41;37m./luci-app-store: has no/multi config file(s), skipping...[0m
[41;37m./luci-app-store: has no/multi config file(s), skipping...[0m
[41;37m./luci-app-store: has no/multi config file(s), skipping...[0m
[41;37m./luci-app-store: has no/multi config file(s), skipping...[0m
[41;37m./luci-app-store: has no/multi config file(s), skipping...[0m
[41;37m./luci-app-wizard: has no/multi config file(s), skipping...[0m
[41;37m./luci-app-wizard: has no/multi config file(s), skipping...[0m
[41;37m./luci-app-wizard: has no/multi config file(s), skipping...[0m
[41;37m./luci-app-wrtbwmon: has no/multi config file(s), skipping...[0m
[41;37m./luci-app-wrtbwmon: has no/multi config file(s), skipping...[0m
[41;37m./luci-app-wrtbwmon: has no/multi config file(s), skipping...[0m
[41;37m./luci-app-wrtbwmon: has no/multi config file(s), skipping...[0m
[41;37m./luci-app-wrtbwmon: has no/multi config file(s), skipping...[0m
[41;37m./luci-app-ddnsto: has no/multi config file(s), skipping...[0m
[41;37m./luci-app-ddnsto: has no/multi config file(s), skipping...[0m
[41;37m./luci-app-ddnsto: has no/multi config file(s), skipping...[0m
[41;37m./luci-app-ddnsto: has no/multi config file(s), skipping...[0m
[41;37m./luci-app-ddnsto: has no/multi config file(s), skipping...[0m
[41;37m./luci-app-gowebdav: has no/multi config file(s), skipping...[0m
[41;37m./luci-app-gowebdav: has no/multi config file(s), skipping...[0m
[41;37m./luci-app-gowebdav: has no/multi config file(s), skipping...[0m
[41;37m./luci-app-gowebdav: has no/multi config file(s), skipping...[0m
[41;37m./luci-app-gowebdav: has no/multi config file(s), skipping...[0m
[41;37m./luci-app-oaf: has no/multi config file(s), skipping...[0m
[41;37m./luci-app-oaf: has no/multi config file(s), skipping...[0m
[41;37m./luci-app-oaf: has no/multi config file(s), skipping...[0m
[41;37m./luci-app-oaf: has no/multi config file(s), skipping...[0m
[41;37m./luci-app-oaf: has no/multi config file(s), skipping...[0m
[41;37m./luci-app-oaf: has no/multi config file(s), skipping...[0m
[41;37m./luci-app-onliner: has no/multi config file(s), skipping...[0m
[41;37m./luci-app-onliner: has no/multi config file(s), skipping...[0m
[41;37m./luci-app-onliner: has no/multi config file(s), skipping...[0m
[41;37m./luci-app-onliner: has no/multi config file(s), skipping...[0m
[41;37m./luci-app-onliner: has no/multi config file(s), skipping...[0m
[41;37m./luci-app-poweroff: has no/multi config file(s), skipping...[0m
[41;37m./luci-app-poweroff: has no/multi config file(s), skipping...[0m
[41;37m./luci-app-poweroff: has no/multi config file(s), skipping...[0m
[41;37m./luci-app-poweroff: has no/multi config file(s), skipping...[0m
[41;37m./luci-app-smartdns: has no/multi config file(s), skipping...[0m
[41;37m./luci-app-smartdns: has no/multi config file(s), skipping...[0m
[41;37m./luci-app-smartdns: has no/multi config file(s), skipping...[0m
[41;37m./luci-app-smartdns: has no/multi config file(s), skipping...[0m
[41;37m./luci-app-smartdns: has no/multi config file(s), skipping...[0m
[41;37m./luci-app-store: has no/multi config file(s), skipping...[0m
[41;37m./luci-app-store: has no/multi config file(s), skipping...[0m
[41;37m./luci-app-store: has no/multi config file(s), skipping...[0m
[41;37m./luci-app-store: has no/multi config file(s), skipping...[0m
[41;37m./luci-app-store: has no/multi config file(s), skipping...[0m
[41;37m./luci-app-wizard: has no/multi config file(s), skipping...[0m
[41;37m./luci-app-wizard: has no/multi config file(s), skipping...[0m
[41;37m./luci-app-wizard: has no/multi config file(s), skipping...[0m
[41;37m./luci-app-wrtbwmon: has no/multi config file(s), skipping...[0m
[41;37m./luci-app-wrtbwmon: has no/multi config file(s), skipping...[0m
[41;37m./luci-app-wrtbwmon: has no/multi config file(s), skipping...[0m
[41;37m./luci-app-wrtbwmon: has no/multi config file(s), skipping...[0m
[41;37m./luci-app-wrtbwmon: has no/multi config file(s), skipping...[0m
